This is pdfTeX, Version 3.141592653-2.6-1.40.24 (TeX Live 2022) (preloaded format=pdflatex 2022.4.11)  27 FEB 2024 14:50
entering extended mode
 restricted \write18 enabled.
 %&-line parsing enabled.
**main_2112.11486.tex
(./main_2112.11486.tex
LaTeX2e <2021-11-15> patch level 1
L3 programming layer <2022-02-24>
(/usr/local/texlive/2022/texmf-dist/tex/latex/revtex4-1/revtex4-1.cls
Document Class: revtex4-1 2020/09/30 4.1s (http://publish.aps.org/revtex4/ for 
documentation)
 Copyright (c) 2009 The American Physical Society.
 mailto:revtex@aps.org
 Licensed under the LPPL:
http://www.ctan.org/tex-archive/macros/latex/base/lppl.txt
 Arthur Ogawa <arthur_ogawa at sbcglobal dot net>
 Based on work by David Carlisle <david at dcarlisle.demon.co.uk>.
ltxutil[2020/09/30 4.1s utilities package (portions licensed from W. E. Baxter 
web at superscript.com)]
LaTeX Info: Redefining \@centercr on input line 346.
Class revtex4-1 Info: Repairing hyperref-unfriendly LaTeX definition of \mpfoot
note on input line 471.
Class revtex4-1 Info: Repairing broken LateX \@sect on input line 793.
\intertabularlinepenalty=\count185
\@tbpen=\count186
\@arstrutbox@hline=\box50
Class revtex4-1 Info: Repairing broken LaTeX \@xbitor on input line 1824.
Class revtex4-1 Info: Making \typeout \long on input line 2089.
ltxfront[2020/09/30 4.1s frontmatter package (AO,DPC)]
\c@affil=\count187
\c@collab=\count188
\absbox=\box51
ltxgrid[2020/09/30 4.1s page grid package (portions licensed from W. E. Baxter 
web at superscript.com)]
\c@linecount=\count189
\output@latex=\toks16
\box@size@1=\box52
\box@size@2=\box53
\@protection@box=\box54
\@topmark@saved=\toks17
\footins@saved=\box55
\footins@recovered=\box56
\column@recovered=\box57
\pagesofar=\box58
\footsofar=\box59
\pagegrid@col=\count190
Class revtex4-1 Info: Overriding \@vspace, \@vspacer, \@no@pgbk, \@newline, and
 \\  on input line 5655.
\c@part=\count191
\c@section=\count192
\c@subsection=\count193
\c@subsubsection=\count194
\c@paragraph=\count195
\c@subparagraph=\count196
\abovecaptionskip=\skip47
\belowcaptionskip=\skip48
\c@figure=\count197
\fbox@1=\box60
\c@table=\count198
\fbox@2=\box61
\c@video=\count199
\fbox@4=\box62
\@bibdataout=\write3
\widetext@top=\box63
\widetext@bot=\box64

Class revtex4-1 Warning: No Society specified, using default society aps.

(/usr/local/texlive/2022/texmf-dist/tex/latex/revtex4-1/aps4-1.rtx
File: aps4-1 2020/09/30 4.1s (http://publish.aps.org/revtex4/ for documentation
)
Class revtex4-1 Info: RevTeX society APS selected on input line 31.
)

Class revtex4-1 Warning: No journal specified, using default pra.

Class revtex4-1 Info: APS journal PRA selected on input line 7619.
(/usr/local/texlive/2022/texmf-dist/tex/latex/revtex4-1/aps10pt4-1.rtx
File: aps10pt4-1 2020/09/30 4.1s (http://publish.aps.org/revtex4/ for documenta
tion)
Class revtex4-1 Info: RevTeX pointsize 10pt selected on input line 30.
)
(/usr/local/texlive/2022/texmf-dist/tex/latex/textcase/textcase.sty
Package: textcase 2019/09/14 v1.00 Text only upper/lower case changing (DPC)
)
(/usr/local/texlive/2022/texmf-dist/tex/latex/amsfonts/amsfonts.sty
Package: amsfonts 2013/01/14 v3.01 Basic AMSFonts support
\@emptytoks=\toks18
\symAMSa=\mathgroup4
\symAMSb=\mathgroup5
LaTeX Font Info:    Redeclaring math symbol \hbar on input line 98.
LaTeX Font Info:    Overwriting math alphabet `\mathfrak' in version `bold'
(Font)                  U/euf/m/n --> U/euf/b/n on input line 106.
)
(/usr/local/texlive/2022/texmf-dist/tex/latex/amsfonts/amssymb.sty
Package: amssymb 2013/01/14 v3.01 AMS font symbols
)
(/usr/local/texlive/2022/texmf-dist/tex/latex/amsmath/amsmath.sty
Package: amsmath 2021/10/15 v2.17l AMS math features
\@mathmargin=\skip49

For additional information on amsmath, use the `?' option.
(/usr/local/texlive/2022/texmf-dist/tex/latex/amsmath/amstext.sty
Package: amstext 2021/08/26 v2.01 AMS text

(/usr/local/texlive/2022/texmf-dist/tex/latex/amsmath/amsgen.sty
File: amsgen.sty 1999/11/30 v2.0 generic functions
\@emptytoks=\toks19
\ex@=\dimen138
)
LaTeX Info: Redefining \text on input line 28.
)
(/usr/local/texlive/2022/texmf-dist/tex/latex/amsmath/amsbsy.sty
Package: amsbsy 1999/11/29 v1.2d Bold Symbols
\pmbraise@=\dimen139
)
(/usr/local/texlive/2022/texmf-dist/tex/latex/amsmath/amsopn.sty
Package: amsopn 2021/08/26 v2.02 operator names
)
\inf@bad=\count266
LaTeX Info: Redefining \frac on input line 234.
\uproot@=\count267
\leftroot@=\count268
LaTeX Info: Redefining \overline on input line 399.
\classnum@=\count269
\DOTSCASE@=\count270
LaTeX Info: Redefining \ldots on input line 496.
LaTeX Info: Redefining \dots on input line 499.
LaTeX Info: Redefining \cdots on input line 620.
\Mathstrutbox@=\box65
\strutbox@=\box66
\big@size=\dimen140
LaTeX Font Info:    Redeclaring font encoding OML on input line 743.
LaTeX Font Info:    Redeclaring font encoding OMS on input line 744.
\macc@depth=\count271
\c@MaxMatrixCols=\count272
\dotsspace@=\muskip16
\c@parentequation=\count273
\dspbrk@lvl=\count274
\tag@help=\toks20
\row@=\count275
\column@=\count276
\maxfields@=\count277
\andhelp@=\toks21
\eqnshift@=\dimen141
\alignsep@=\dimen142
\tagshift@=\dimen143
\tagwidth@=\dimen144
\totwidth@=\dimen145
\lineht@=\dimen146
\@envbody=\toks22
\multlinegap=\skip50
\multlinetaggap=\skip51
\mathdisplay@stack=\toks23
LaTeX Info: Redefining \[ on input line 2938.
LaTeX Info: Redefining \] on input line 2939.
)
(/usr/local/texlive/2022/texmf-dist/tex/latex/url/url.sty
\Urlmuskip=\muskip17
Package: url 2013/09/16  ver 3.4  Verb mode for urls, etc.
)
(/usr/local/texlive/2022/texmf-dist/tex/latex/natbib/natbib.sty
Package: natbib 2010/09/13 8.31b (PWD, AO)
\bibhang=\skip52
\bibsep=\skip53
LaTeX Info: Redefining \cite on input line 694.
\c@NAT@ctr=\count278
)
Class revtex4-1 Info: Repairing natbib's \BibitemShut on input line 7623.

(/usr/local/texlive/2022/texmf-dist/tex/latex/revtex4-1/revsymb4-1.sty
Package: revsymb4-1 2020/09/30 4.1s (http://publish.aps.org/revtex4/ for docume
ntation)
LaTeX Info: Redefining \frak on input line 95.
LaTeX Info: Redefining \Bbb on input line 111.
LaTeX Info: Redefining \REV@mathfrak on input line 119.
))
(/usr/local/texlive/2022/texmf-dist/tex/generic/babel/babel.sty
Package: babel 2022/02/26 3.73 The Babel package
\babel@savecnt=\count279
\U@D=\dimen147
\l@unhyphenated=\language87

(/usr/local/texlive/2022/texmf-dist/tex/generic/babel/txtbabel.def)
\bbl@readstream=\read2
\bbl@dirlevel=\count280

(/usr/local/texlive/2022/texmf-dist/tex/generic/babel-english/english.ldf
Language: english 2017/06/06 v3.3r English support from the babel system
Package babel Info: Hyphen rules for 'canadian' set to \l@english
(babel)             (\language0). Reported on input line 102.
Package babel Info: Hyphen rules for 'australian' set to \l@ukenglish
(babel)             (\language21). Reported on input line 105.
Package babel Info: Hyphen rules for 'newzealand' set to \l@ukenglish
(babel)             (\language21). Reported on input line 108.
))
(/usr/local/texlive/2022/texmf-dist/tex/latex/base/inputenc.sty
Package: inputenc 2021/02/14 v1.3d Input encoding file
\inpenc@prehook=\toks24
\inpenc@posthook=\toks25
)
(/usr/local/texlive/2022/texmf-dist/tex/latex/todonotes/todonotes.sty
Package: todonotes 2021/06/04 v1.1.5 Todonotes source and documentation.
Package: todonotes 2021/06/04

(/usr/local/texlive/2022/texmf-dist/tex/latex/base/ifthen.sty
Package: ifthen 2020/11/24 v1.1c Standard LaTeX ifthen package (DPC)
)
(/usr/local/texlive/2022/texmf-dist/tex/latex/xkeyval/xkeyval.sty
Package: xkeyval 2020/11/20 v2.8 package option processing (HA)

(/usr/local/texlive/2022/texmf-dist/tex/generic/xkeyval/xkeyval.tex
(/usr/local/texlive/2022/texmf-dist/tex/generic/xkeyval/xkvutils.tex
\XKV@toks=\toks26
\XKV@tempa@toks=\toks27

(/usr/local/texlive/2022/texmf-dist/tex/generic/xkeyval/keyval.tex))
\XKV@depth=\count281
File: xkeyval.tex 2014/12/03 v2.7a key=value parser (HA)
))
(/usr/local/texlive/2022/texmf-dist/tex/latex/xcolor/xcolor.sty
Package: xcolor 2021/10/31 v2.13 LaTeX color extensions (UK)

(/usr/local/texlive/2022/texmf-dist/tex/latex/graphics-cfg/color.cfg
File: color.cfg 2016/01/02 v1.6 sample color configuration
)
Package xcolor Info: Driver file: pdftex.def on input line 227.

(/usr/local/texlive/2022/texmf-dist/tex/latex/graphics-def/pdftex.def
File: pdftex.def 2020/10/05 v1.2a Graphics/color driver for pdftex
)
Package xcolor Info: Model `cmy' substituted by `cmy0' on input line 1352.
Package xcolor Info: Model `hsb' substituted by `rgb' on input line 1356.
Package xcolor Info: Model `RGB' extended on input line 1368.
Package xcolor Info: Model `HTML' substituted by `rgb' on input line 1370.
Package xcolor Info: Model `Hsb' substituted by `hsb' on input line 1371.
Package xcolor Info: Model `tHsb' substituted by `hsb' on input line 1372.
Package xcolor Info: Model `HSB' substituted by `hsb' on input line 1373.
Package xcolor Info: Model `Gray' substituted by `gray' on input line 1374.
Package xcolor Info: Model `wave' substituted by `hsb' on input line 1375.
)
(/usr/local/texlive/2022/texmf-dist/tex/latex/pgf/frontendlayer/tikz.sty
(/usr/local/texlive/2022/texmf-dist/tex/latex/pgf/basiclayer/pgf.sty
(/usr/local/texlive/2022/texmf-dist/tex/latex/pgf/utilities/pgfrcs.sty
(/usr/local/texlive/2022/texmf-dist/tex/generic/pgf/utilities/pgfutil-common.te
x
\pgfutil@everybye=\toks28
\pgfutil@tempdima=\dimen148
\pgfutil@tempdimb=\dimen149

(/usr/local/texlive/2022/texmf-dist/tex/generic/pgf/utilities/pgfutil-common-li
sts.tex))
(/usr/local/texlive/2022/texmf-dist/tex/generic/pgf/utilities/pgfutil-latex.def
\pgfutil@abb=\box67
) (/usr/local/texlive/2022/texmf-dist/tex/generic/pgf/utilities/pgfrcs.code.tex
(/usr/local/texlive/2022/texmf-dist/tex/generic/pgf/pgf.revision.tex)
Package: pgfrcs 2021/05/15 v3.1.9a (3.1.9a)
))
Package: pgf 2021/05/15 v3.1.9a (3.1.9a)

(/usr/local/texlive/2022/texmf-dist/tex/latex/pgf/basiclayer/pgfcore.sty
(/usr/local/texlive/2022/texmf-dist/tex/latex/graphics/graphicx.sty
Package: graphicx 2021/09/16 v1.2d Enhanced LaTeX Graphics (DPC,SPQR)

(/usr/local/texlive/2022/texmf-dist/tex/latex/graphics/graphics.sty
Package: graphics 2021/03/04 v1.4d Standard LaTeX Graphics (DPC,SPQR)

(/usr/local/texlive/2022/texmf-dist/tex/latex/graphics/trig.sty
Package: trig 2021/08/11 v1.11 sin cos tan (DPC)
)
(/usr/local/texlive/2022/texmf-dist/tex/latex/graphics-cfg/graphics.cfg
File: graphics.cfg 2016/06/04 v1.11 sample graphics configuration
)
Package graphics Info: Driver file: pdftex.def on input line 107.
)
\Gin@req@height=\dimen150
\Gin@req@width=\dimen151
)
(/usr/local/texlive/2022/texmf-dist/tex/latex/pgf/systemlayer/pgfsys.sty
(/usr/local/texlive/2022/texmf-dist/tex/generic/pgf/systemlayer/pgfsys.code.tex
Package: pgfsys 2021/05/15 v3.1.9a (3.1.9a)
(/usr/local/texlive/2022/texmf-dist/tex/generic/pgf/utilities/pgfkeys.code.tex
\pgfkeys@pathtoks=\toks29
\pgfkeys@temptoks=\toks30

(/usr/local/texlive/2022/texmf-dist/tex/generic/pgf/utilities/pgfkeysfiltered.c
ode.tex
\pgfkeys@tmptoks=\toks31
))
\pgf@x=\dimen152
\pgf@y=\dimen153
\pgf@xa=\dimen154
\pgf@ya=\dimen155
\pgf@xb=\dimen156
\pgf@yb=\dimen157
\pgf@xc=\dimen158
\pgf@yc=\dimen159
\pgf@xd=\dimen160
\pgf@yd=\dimen161
\w@pgf@writea=\write4
\r@pgf@reada=\read3
\c@pgf@counta=\count282
\c@pgf@countb=\count283
\c@pgf@countc=\count284
\c@pgf@countd=\count285
\t@pgf@toka=\toks32
\t@pgf@tokb=\toks33
\t@pgf@tokc=\toks34
\pgf@sys@id@count=\count286

(/usr/local/texlive/2022/texmf-dist/tex/generic/pgf/systemlayer/pgf.cfg
File: pgf.cfg 2021/05/15 v3.1.9a (3.1.9a)
)
Driver file for pgf: pgfsys-pdftex.def

(/usr/local/texlive/2022/texmf-dist/tex/generic/pgf/systemlayer/pgfsys-pdftex.d
ef
File: pgfsys-pdftex.def 2021/05/15 v3.1.9a (3.1.9a)

(/usr/local/texlive/2022/texmf-dist/tex/generic/pgf/systemlayer/pgfsys-common-p
df.def
File: pgfsys-common-pdf.def 2021/05/15 v3.1.9a (3.1.9a)
)))
(/usr/local/texlive/2022/texmf-dist/tex/generic/pgf/systemlayer/pgfsyssoftpath.
code.tex
File: pgfsyssoftpath.code.tex 2021/05/15 v3.1.9a (3.1.9a)
\pgfsyssoftpath@smallbuffer@items=\count287
\pgfsyssoftpath@bigbuffer@items=\count288
)
(/usr/local/texlive/2022/texmf-dist/tex/generic/pgf/systemlayer/pgfsysprotocol.
code.tex
File: pgfsysprotocol.code.tex 2021/05/15 v3.1.9a (3.1.9a)
))
(/usr/local/texlive/2022/texmf-dist/tex/generic/pgf/basiclayer/pgfcore.code.tex
Package: pgfcore 2021/05/15 v3.1.9a (3.1.9a)
(/usr/local/texlive/2022/texmf-dist/tex/generic/pgf/math/pgfmath.code.tex
(/usr/local/texlive/2022/texmf-dist/tex/generic/pgf/math/pgfmathcalc.code.tex
(/usr/local/texlive/2022/texmf-dist/tex/generic/pgf/math/pgfmathutil.code.tex)
(/usr/local/texlive/2022/texmf-dist/tex/generic/pgf/math/pgfmathparser.code.tex
\pgfmath@dimen=\dimen162
\pgfmath@count=\count289
\pgfmath@box=\box68
\pgfmath@toks=\toks35
\pgfmath@stack@operand=\toks36
\pgfmath@stack@operation=\toks37
)
(/usr/local/texlive/2022/texmf-dist/tex/generic/pgf/math/pgfmathfunctions.code.
tex
(/usr/local/texlive/2022/texmf-dist/tex/generic/pgf/math/pgfmathfunctions.basic
.code.tex)
(/usr/local/texlive/2022/texmf-dist/tex/generic/pgf/math/pgfmathfunctions.trigo
nometric.code.tex)
(/usr/local/texlive/2022/texmf-dist/tex/generic/pgf/math/pgfmathfunctions.rando
m.code.tex)
(/usr/local/texlive/2022/texmf-dist/tex/generic/pgf/math/pgfmathfunctions.compa
rison.code.tex)
(/usr/local/texlive/2022/texmf-dist/tex/generic/pgf/math/pgfmathfunctions.base.
code.tex)
(/usr/local/texlive/2022/texmf-dist/tex/generic/pgf/math/pgfmathfunctions.round
.code.tex)
(/usr/local/texlive/2022/texmf-dist/tex/generic/pgf/math/pgfmathfunctions.misc.
code.tex)
(/usr/local/texlive/2022/texmf-dist/tex/generic/pgf/math/pgfmathfunctions.integ
erarithmetics.code.tex)))
(/usr/local/texlive/2022/texmf-dist/tex/generic/pgf/math/pgfmathfloat.code.tex
\c@pgfmathroundto@lastzeros=\count290
)) (/usr/local/texlive/2022/texmf-dist/tex/generic/pgf/math/pgfint.code.tex)
(/usr/local/texlive/2022/texmf-dist/tex/generic/pgf/basiclayer/pgfcorepoints.co
de.tex
File: pgfcorepoints.code.tex 2021/05/15 v3.1.9a (3.1.9a)
\pgf@picminx=\dimen163
\pgf@picmaxx=\dimen164
\pgf@picminy=\dimen165
\pgf@picmaxy=\dimen166
\pgf@pathminx=\dimen167
\pgf@pathmaxx=\dimen168
\pgf@pathminy=\dimen169
\pgf@pathmaxy=\dimen170
\pgf@xx=\dimen171
\pgf@xy=\dimen172
\pgf@yx=\dimen173
\pgf@yy=\dimen174
\pgf@zx=\dimen175
\pgf@zy=\dimen176
)
(/usr/local/texlive/2022/texmf-dist/tex/generic/pgf/basiclayer/pgfcorepathconst
ruct.code.tex
File: pgfcorepathconstruct.code.tex 2021/05/15 v3.1.9a (3.1.9a)
\pgf@path@lastx=\dimen177
\pgf@path@lasty=\dimen178
)
(/usr/local/texlive/2022/texmf-dist/tex/generic/pgf/basiclayer/pgfcorepathusage
.code.tex
File: pgfcorepathusage.code.tex 2021/05/15 v3.1.9a (3.1.9a)
\pgf@shorten@end@additional=\dimen179
\pgf@shorten@start@additional=\dimen180
)
(/usr/local/texlive/2022/texmf-dist/tex/generic/pgf/basiclayer/pgfcorescopes.co
de.tex
File: pgfcorescopes.code.tex 2021/05/15 v3.1.9a (3.1.9a)
\pgfpic=\box69
\pgf@hbox=\box70
\pgf@layerbox@main=\box71
\pgf@picture@serial@count=\count291
)
(/usr/local/texlive/2022/texmf-dist/tex/generic/pgf/basiclayer/pgfcoregraphicst
ate.code.tex
File: pgfcoregraphicstate.code.tex 2021/05/15 v3.1.9a (3.1.9a)
\pgflinewidth=\dimen181
)
(/usr/local/texlive/2022/texmf-dist/tex/generic/pgf/basiclayer/pgfcoretransform
ations.code.tex
File: pgfcoretransformations.code.tex 2021/05/15 v3.1.9a (3.1.9a)
\pgf@pt@x=\dimen182
\pgf@pt@y=\dimen183
\pgf@pt@temp=\dimen184
)
(/usr/local/texlive/2022/texmf-dist/tex/generic/pgf/basiclayer/pgfcorequick.cod
e.tex
File: pgfcorequick.code.tex 2021/05/15 v3.1.9a (3.1.9a)
)
(/usr/local/texlive/2022/texmf-dist/tex/generic/pgf/basiclayer/pgfcoreobjects.c
ode.tex
File: pgfcoreobjects.code.tex 2021/05/15 v3.1.9a (3.1.9a)
)
(/usr/local/texlive/2022/texmf-dist/tex/generic/pgf/basiclayer/pgfcorepathproce
ssing.code.tex
File: pgfcorepathprocessing.code.tex 2021/05/15 v3.1.9a (3.1.9a)
)
(/usr/local/texlive/2022/texmf-dist/tex/generic/pgf/basiclayer/pgfcorearrows.co
de.tex
File: pgfcorearrows.code.tex 2021/05/15 v3.1.9a (3.1.9a)
\pgfarrowsep=\dimen185
)
(/usr/local/texlive/2022/texmf-dist/tex/generic/pgf/basiclayer/pgfcoreshade.cod
e.tex
File: pgfcoreshade.code.tex 2021/05/15 v3.1.9a (3.1.9a)
\pgf@max=\dimen186
\pgf@sys@shading@range@num=\count292
\pgf@shadingcount=\count293
)
(/usr/local/texlive/2022/texmf-dist/tex/generic/pgf/basiclayer/pgfcoreimage.cod
e.tex
File: pgfcoreimage.code.tex 2021/05/15 v3.1.9a (3.1.9a)

(/usr/local/texlive/2022/texmf-dist/tex/generic/pgf/basiclayer/pgfcoreexternal.
code.tex
File: pgfcoreexternal.code.tex 2021/05/15 v3.1.9a (3.1.9a)
\pgfexternal@startupbox=\box72
))
(/usr/local/texlive/2022/texmf-dist/tex/generic/pgf/basiclayer/pgfcorelayers.co
de.tex
File: pgfcorelayers.code.tex 2021/05/15 v3.1.9a (3.1.9a)
)
(/usr/local/texlive/2022/texmf-dist/tex/generic/pgf/basiclayer/pgfcoretranspare
ncy.code.tex
File: pgfcoretransparency.code.tex 2021/05/15 v3.1.9a (3.1.9a)
)
(/usr/local/texlive/2022/texmf-dist/tex/generic/pgf/basiclayer/pgfcorepatterns.
code.tex
File: pgfcorepatterns.code.tex 2021/05/15 v3.1.9a (3.1.9a)
)
(/usr/local/texlive/2022/texmf-dist/tex/generic/pgf/basiclayer/pgfcorerdf.code.
tex
File: pgfcorerdf.code.tex 2021/05/15 v3.1.9a (3.1.9a)
)))
(/usr/local/texlive/2022/texmf-dist/tex/generic/pgf/modules/pgfmoduleshapes.cod
e.tex
File: pgfmoduleshapes.code.tex 2021/05/15 v3.1.9a (3.1.9a)
\pgfnodeparttextbox=\box73
)
(/usr/local/texlive/2022/texmf-dist/tex/generic/pgf/modules/pgfmoduleplot.code.
tex
File: pgfmoduleplot.code.tex 2021/05/15 v3.1.9a (3.1.9a)
)
(/usr/local/texlive/2022/texmf-dist/tex/latex/pgf/compatibility/pgfcomp-version
-0-65.sty
Package: pgfcomp-version-0-65 2021/05/15 v3.1.9a (3.1.9a)
\pgf@nodesepstart=\dimen187
\pgf@nodesepend=\dimen188
)
(/usr/local/texlive/2022/texmf-dist/tex/latex/pgf/compatibility/pgfcomp-version
-1-18.sty
Package: pgfcomp-version-1-18 2021/05/15 v3.1.9a (3.1.9a)
))
(/usr/local/texlive/2022/texmf-dist/tex/latex/pgf/utilities/pgffor.sty
(/usr/local/texlive/2022/texmf-dist/tex/latex/pgf/utilities/pgfkeys.sty
(/usr/local/texlive/2022/texmf-dist/tex/generic/pgf/utilities/pgfkeys.code.tex)
) (/usr/local/texlive/2022/texmf-dist/tex/latex/pgf/math/pgfmath.sty
(/usr/local/texlive/2022/texmf-dist/tex/generic/pgf/math/pgfmath.code.tex))
(/usr/local/texlive/2022/texmf-dist/tex/generic/pgf/utilities/pgffor.code.tex
Package: pgffor 2021/05/15 v3.1.9a (3.1.9a)

(/usr/local/texlive/2022/texmf-dist/tex/generic/pgf/math/pgfmath.code.tex)
\pgffor@iter=\dimen189
\pgffor@skip=\dimen190
\pgffor@stack=\toks38
\pgffor@toks=\toks39
))
(/usr/local/texlive/2022/texmf-dist/tex/generic/pgf/frontendlayer/tikz/tikz.cod
e.tex
Package: tikz 2021/05/15 v3.1.9a (3.1.9a)

(/usr/local/texlive/2022/texmf-dist/tex/generic/pgf/libraries/pgflibraryplothan
dlers.code.tex
File: pgflibraryplothandlers.code.tex 2021/05/15 v3.1.9a (3.1.9a)
\pgf@plot@mark@count=\count294
\pgfplotmarksize=\dimen191
)
\tikz@lastx=\dimen192
\tikz@lasty=\dimen193
\tikz@lastxsaved=\dimen194
\tikz@lastysaved=\dimen195
\tikz@lastmovetox=\dimen196
\tikz@lastmovetoy=\dimen197
\tikzleveldistance=\dimen198
\tikzsiblingdistance=\dimen199
\tikz@figbox=\box74
\tikz@figbox@bg=\box75
\tikz@tempbox=\box76
\tikz@tempbox@bg=\box77
\tikztreelevel=\count295
\tikznumberofchildren=\count296
\tikznumberofcurrentchild=\count297
\tikz@fig@count=\count298

(/usr/local/texlive/2022/texmf-dist/tex/generic/pgf/modules/pgfmodulematrix.cod
e.tex
File: pgfmodulematrix.code.tex 2021/05/15 v3.1.9a (3.1.9a)
\pgfmatrixcurrentrow=\count299
\pgfmatrixcurrentcolumn=\count300
\pgf@matrix@numberofcolumns=\count301
)
\tikz@expandcount=\count302

(/usr/local/texlive/2022/texmf-dist/tex/generic/pgf/frontendlayer/tikz/librarie
s/tikzlibrarytopaths.code.tex
File: tikzlibrarytopaths.code.tex 2021/05/15 v3.1.9a (3.1.9a)
)))
(/usr/local/texlive/2022/texmf-dist/tex/generic/pgf/frontendlayer/tikz/librarie
s/tikzlibrarypositioning.code.tex
File: tikzlibrarypositioning.code.tex 2021/05/15 v3.1.9a (3.1.9a)
)
(/usr/local/texlive/2022/texmf-dist/tex/latex/tools/calc.sty
Package: calc 2017/05/25 v4.3 Infix arithmetic (KKT,FJ)
\calc@Acount=\count303
\calc@Bcount=\count304
\calc@Adimen=\dimen256
\calc@Bdimen=\dimen257
\calc@Askip=\skip54
\calc@Bskip=\skip55
LaTeX Info: Redefining \setlength on input line 80.
LaTeX Info: Redefining \addtolength on input line 81.
\calc@Ccount=\count305
\calc@Cskip=\skip56
)
\c@@todonotes@numberoftodonotes=\count306
)
(/usr/local/texlive/2022/texmf-dist/tex/latex/hyperref/hyperref.sty
Package: hyperref 2022-02-21 v7.00n Hypertext links for LaTeX

(/usr/local/texlive/2022/texmf-dist/tex/generic/ltxcmds/ltxcmds.sty
Package: ltxcmds 2020-05-10 v1.25 LaTeX kernel commands for general use (HO)
)
(/usr/local/texlive/2022/texmf-dist/tex/generic/iftex/iftex.sty
Package: iftex 2022/02/03 v1.0f TeX engine tests
)
(/usr/local/texlive/2022/texmf-dist/tex/generic/pdftexcmds/pdftexcmds.sty
Package: pdftexcmds 2020-06-27 v0.33 Utility functions of pdfTeX for LuaTeX (HO
)

(/usr/local/texlive/2022/texmf-dist/tex/generic/infwarerr/infwarerr.sty
Package: infwarerr 2019/12/03 v1.5 Providing info/warning/error messages (HO)
)
Package pdftexcmds Info: \pdf@primitive is available.
Package pdftexcmds Info: \pdf@ifprimitive is available.
Package pdftexcmds Info: \pdfdraftmode found.
)
(/usr/local/texlive/2022/texmf-dist/tex/generic/kvsetkeys/kvsetkeys.sty
Package: kvsetkeys 2019/12/15 v1.18 Key value parser (HO)
)
(/usr/local/texlive/2022/texmf-dist/tex/generic/kvdefinekeys/kvdefinekeys.sty
Package: kvdefinekeys 2019-12-19 v1.6 Define keys (HO)
)
(/usr/local/texlive/2022/texmf-dist/tex/generic/pdfescape/pdfescape.sty
Package: pdfescape 2019/12/09 v1.15 Implements pdfTeX's escape features (HO)
)
(/usr/local/texlive/2022/texmf-dist/tex/latex/hycolor/hycolor.sty
Package: hycolor 2020-01-27 v1.10 Color options for hyperref/bookmark (HO)
)
(/usr/local/texlive/2022/texmf-dist/tex/latex/letltxmacro/letltxmacro.sty
Package: letltxmacro 2019/12/03 v1.6 Let assignment for LaTeX macros (HO)
)
(/usr/local/texlive/2022/texmf-dist/tex/latex/auxhook/auxhook.sty
Package: auxhook 2019-12-17 v1.6 Hooks for auxiliary files (HO)
)
(/usr/local/texlive/2022/texmf-dist/tex/latex/kvoptions/kvoptions.sty
Package: kvoptions 2020-10-07 v3.14 Key value format for package options (HO)
)
\@linkdim=\dimen258
\Hy@linkcounter=\count307
\Hy@pagecounter=\count308

(/usr/local/texlive/2022/texmf-dist/tex/latex/hyperref/pd1enc.def
File: pd1enc.def 2022-02-21 v7.00n Hyperref: PDFDocEncoding definition (HO)
Now handling font encoding PD1 ...
... no UTF-8 mapping file for font encoding PD1
)
(/usr/local/texlive/2022/texmf-dist/tex/generic/intcalc/intcalc.sty
Package: intcalc 2019/12/15 v1.3 Expandable calculations with integers (HO)
)
(/usr/local/texlive/2022/texmf-dist/tex/generic/etexcmds/etexcmds.sty
Package: etexcmds 2019/12/15 v1.7 Avoid name clashes with e-TeX commands (HO)
)
\Hy@SavedSpaceFactor=\count309

(/usr/local/texlive/2022/texmf-dist/tex/latex/hyperref/puenc.def
File: puenc.def 2022-02-21 v7.00n Hyperref: PDF Unicode definition (HO)
Now handling font encoding PU ...
... no UTF-8 mapping file for font encoding PU
)
Package hyperref Info: Hyper figures OFF on input line 4137.
Package hyperref Info: Link nesting OFF on input line 4142.
Package hyperref Info: Hyper index ON on input line 4145.
Package hyperref Info: Plain pages OFF on input line 4152.
Package hyperref Info: Backreferencing OFF on input line 4157.
Package hyperref Info: Implicit mode ON; LaTeX internals redefined.
Package hyperref Info: Bookmarks ON on input line 4390.
LaTeX Info: Redefining \href on input line 4660.
\c@Hy@tempcnt=\count310
LaTeX Info: Redefining \url on input line 4749.
\XeTeXLinkMargin=\dimen259

(/usr/local/texlive/2022/texmf-dist/tex/generic/bitset/bitset.sty
Package: bitset 2019/12/09 v1.3 Handle bit-vector datatype (HO)

(/usr/local/texlive/2022/texmf-dist/tex/generic/bigintcalc/bigintcalc.sty
Package: bigintcalc 2019/12/15 v1.5 Expandable calculations on big integers (HO
)
))
\Fld@menulength=\count311
\Field@Width=\dimen260
\Fld@charsize=\dimen261
Package hyperref Info: Hyper figures OFF on input line 6027.
Package hyperref Info: Link nesting OFF on input line 6032.
Package hyperref Info: Hyper index ON on input line 6035.
Package hyperref Info: backreferencing OFF on input line 6042.
Package hyperref Info: Link coloring OFF on input line 6047.
Package hyperref Info: Link coloring with OCG OFF on input line 6052.
Package hyperref Info: PDF/A mode OFF on input line 6057.
LaTeX Info: Redefining \ref on input line 6097.
LaTeX Info: Redefining \pageref on input line 6101.

(/usr/local/texlive/2022/texmf-dist/tex/latex/base/atbegshi-ltx.sty
Package: atbegshi-ltx 2021/01/10 v1.0c Emulation of the original atbegshi
package with kernel methods
)
\Hy@abspage=\count312
\c@Item=\count313
\c@Hfootnote=\count314
)
Package hyperref Info: Driver: hpdftex.

(/usr/local/texlive/2022/texmf-dist/tex/latex/hyperref/hpdftex.def
File: hpdftex.def 2022-02-21 v7.00n Hyperref driver for pdfTeX

(/usr/local/texlive/2022/texmf-dist/tex/latex/base/atveryend-ltx.sty
Package: atveryend-ltx 2020/08/19 v1.0a Emulation of the original atveryend pac
kage
with kernel methods
)
\Fld@listcount=\count315
\c@bookmark@seq@number=\count316

(/usr/local/texlive/2022/texmf-dist/tex/latex/rerunfilecheck/rerunfilecheck.sty
Package: rerunfilecheck 2019/12/05 v1.9 Rerun checks for auxiliary files (HO)

(/usr/local/texlive/2022/texmf-dist/tex/generic/uniquecounter/uniquecounter.sty
Package: uniquecounter 2019/12/15 v1.4 Provide unlimited unique counter (HO)
)
Package uniquecounter Info: New unique counter `rerunfilecheck' on input line 2
86.
)
\Hy@SectionHShift=\skip57
) (/usr/local/texlive/2022/texmf-dist/tex/generic/ulem/ulem.sty
\UL@box=\box78
\UL@hyphenbox=\box79
\UL@skip=\skip58
\UL@hook=\toks40
\UL@height=\dimen262
\UL@pe=\count317
\UL@pixel=\dimen263
\ULC@box=\box80
Package: ulem 2019/11/18
\ULdepth=\dimen264
)
(/usr/local/texlive/2022/texmf-dist/tex/latex/subfigure/subfigure.sty
Package: subfigure 2002/03/15 v2.1.5 subfigure package
\subfigtopskip=\skip59
\subfigcapskip=\skip60
\subfigcaptopadj=\dimen265
\subfigbottomskip=\skip61
\subfigcapmargin=\dimen266
\subfiglabelskip=\skip62
\c@subfigure=\count318
\c@lofdepth=\count319
\c@subtable=\count320
\c@lotdepth=\count321

****************************************
* Local config file subfigure.cfg used *
****************************************
(/usr/local/texlive/2022/texmf-dist/tex/latex/subfigure/subfigure.cfg)
\subfig@top=\skip63
\subfig@bottom=\skip64
)
(/usr/local/texlive/2022/texmf-dist/tex/latex/enumitem/enumitem.sty
Package: enumitem 2019/06/20 v3.9 Customized lists
\enitkv@toks@=\toks41
\labelindent=\skip65
\enit@outerparindent=\dimen267
\enit@toks=\toks42
\enit@inbox=\box81
\enit@count@id=\count322
\enitdp@description=\count323
)
Class revtex4-1 Info: Unrecognized LaTeX tabular. Please update this document c
lass! (Proceeding with fingers crossed.) on input line 131.
Class revtex4-1 Info: cite was not loaded (OK!) on input line 131.
Class revtex4-1 Info: mcite was not loaded (OK!) on input line 131.
Class revtex4-1 Info: multicol was not loaded (OK!) on input line 131.

(/usr/local/texlive/2022/texmf-dist/tex/latex/l3backend/l3backend-pdftex.def
File: l3backend-pdftex.def 2022-02-07 L3 backend support: PDF output (pdfTeX)
\l__color_backend_stack_int=\count324
\l__pdf_internal_box=\box82
)
No file main_2112.11486.aux.
\openout1 = `main_2112.11486.aux'.

LaTeX Font Info:    Checking defaults for OML/cmm/m/it on input line 131.
LaTeX Font Info:    ... okay on input line 131.
LaTeX Font Info:    Checking defaults for OMS/cmsy/m/n on input line 131.
LaTeX Font Info:    ... okay on input line 131.
LaTeX Font Info:    Checking defaults for OT1/cmr/m/n on input line 131.
LaTeX Font Info:    ... okay on input line 131.
LaTeX Font Info:    Checking defaults for T1/cmr/m/n on input line 131.
LaTeX Font Info:    ... okay on input line 131.
LaTeX Font Info:    Checking defaults for TS1/cmr/m/n on input line 131.
LaTeX Font Info:    ... okay on input line 131.
LaTeX Font Info:    Checking defaults for OMX/cmex/m/n on input line 131.
LaTeX Font Info:    ... okay on input line 131.
LaTeX Font Info:    Checking defaults for U/cmr/m/n on input line 131.
LaTeX Font Info:    ... okay on input line 131.
LaTeX Font Info:    Checking defaults for PD1/pdf/m/n on input line 131.
LaTeX Font Info:    ... okay on input line 131.
LaTeX Font Info:    Checking defaults for PU/pdf/m/n on input line 131.
LaTeX Font Info:    ... okay on input line 131.
(/usr/local/texlive/2022/texmf-dist/tex/context/base/mkii/supp-pdf.mkii
[Loading MPS to PDF converter (version 2006.09.02).]
\scratchcounter=\count325
\scratchdimen=\dimen268
\scratchbox=\box83
\nofMPsegments=\count326
\nofMParguments=\count327
\everyMPshowfont=\toks43
\MPscratchCnt=\count328
\MPscratchDim=\dimen269
\MPnumerator=\count329
\makeMPintoPDFobject=\count330
\everyMPtoPDFconversion=\toks44
) (/usr/local/texlive/2022/texmf-dist/tex/latex/epstopdf-pkg/epstopdf-base.sty
Package: epstopdf-base 2020-01-24 v2.11 Base part for package epstopdf
Package epstopdf-base Info: Redefining graphics rule for `.eps' on input line 4
85.

(/usr/local/texlive/2022/texmf-dist/tex/latex/latexconfig/epstopdf-sys.cfg
File: epstopdf-sys.cfg 2010/07/13 v1.3 Configuration of (r)epstopdf for TeX Liv
e
))
Package hyperref Info: Link coloring OFF on input line 131.

(/usr/local/texlive/2022/texmf-dist/tex/latex/hyperref/nameref.sty
Package: nameref 2021-04-02 v2.47 Cross-referencing by name of section

(/usr/local/texlive/2022/texmf-dist/tex/latex/refcount/refcount.sty
Package: refcount 2019/12/15 v3.6 Data extraction from label references (HO)
)
(/usr/local/texlive/2022/texmf-dist/tex/generic/gettitlestring/gettitlestring.s
ty
Package: gettitlestring 2019/12/15 v1.6 Cleanup title references (HO)
)
\c@section@level=\count331
)
LaTeX Info: Redefining \ref on input line 131.
LaTeX Info: Redefining \pageref on input line 131.
LaTeX Info: Redefining \nameref on input line 131.
\@outlinefile=\write5
\openout5 = `main_2112.11486.out'.

Class revtex4-1 Info: Taking \maketitle back from hyperref on input line 131.
\openout3 = `main_2112.11486Notes.bib'.

LaTeX Font Info:    Trying to load font information for U+msa on input line 151
.
 (/usr/local/texlive/2022/texmf-dist/tex/latex/amsfonts/umsa.fd
File: umsa.fd 2013/01/14 v3.01 AMS symbols A
)
LaTeX Font Info:    Trying to load font information for U+msb on input line 151
.

(/usr/local/texlive/2022/texmf-dist/tex/latex/amsfonts/umsb.fd
File: umsb.fd 2013/01/14 v3.01 AMS symbols B
)

Package hyperref Warning: Token not allowed in a PDF string (Unicode):
(hyperref)                removing `\\' on input line 160.

\tf@toc=\write6
\openout6 = `main_2112.11486.toc'.


Package natbib Warning: Citation `Allahverdi:2020bys' on page 1 undefined on in
put line 171.


Package natbib Warning: Citation `Georg:2016yxa' on page 1 undefined on input l
ine 171.


Package natbib Warning: Citation `Georg:2017mqk' on page 1 undefined on input l
ine 171.


Package natbib Warning: Citation `Erickcek:2011us' on page 1 undefined on input
 line 171.


Package natbib Warning: Citation `Redmond:2018xty' on page 1 undefined on input
 line 171.


Underfull \hbox (badness 10000) in paragraph at lines 173--174

 []


Underfull \hbox (badness 10000) in paragraph at lines 175--176

 []


Package natbib Warning: Citation `Coughlan:1983ci' on page 1 undefined on input
 line 179.


Package natbib Warning: Citation `hep-ph/9308292' on page 1 undefined on input 
line 179.


Package natbib Warning: Citation `hep-ph/9308325' on page 1 undefined on input 
line 179.


Package natbib Warning: Citation `hep-ph/9507453' on page 1 undefined on input 
line 179.


Package natbib Warning: Citation `Cicoli:2016olq' on page 1 undefined on input 
line 179.


Package natbib Warning: Citation `1906.03025' on page 1 undefined on input line
 179.


Package natbib Warning: Citation `Erickcek:2011us' on page 1 undefined on input
 line 179.


Package natbib Warning: Citation `1502.07746' on page 1 undefined on input line
 179.


Underfull \hbox (badness 10000) in paragraph at lines 181--182

 []


Package natbib Warning: Citation `Das:2005yj' on page 1 undefined on input line
 186.


Package natbib Warning: Citation `Amendola:1999er' on page 1 undefined on input
 line 186.


Package natbib Warning: Citation `Vagnozzi:2021quy' on page 1 undefined on inpu
t line 186.


Package natbib Warning: Citation `Tsai:2021irw' on page 1 undefined on input li
ne 186.


Package natbib Warning: Citation `Savastano:2019zpr' on page 1 undefined on inp
ut line 186.


Package natbib Warning: Citation `Amendola:2017xhl' on page 1 undefined on inpu
t line 186.


Package natbib Warning: Citation `Damour:1990tw' on page 1 undefined on input l
ine 186.


Package natbib Warning: Citation `hep-th/9408025' on page 1 undefined on input 
line 186.


Package natbib Warning: Citation `Amendola:1999er' on page 1 undefined on input
 line 186.


Package natbib Warning: Citation `gr-qc/0108016' on page 1 undefined on input l
ine 186.


Package natbib Warning: Citation `astro-ph/0303145' on page 1 undefined on inpu
t line 186.


Package natbib Warning: Citation `astro-ph/0208032' on page 1 undefined on inpu
t line 186.


Package natbib Warning: Citation `astro-ph/0306343' on page 1 undefined on inpu
t line 186.


Package natbib Warning: Citation `astro-ph/0212518' on page 1 undefined on inpu
t line 186.


Package natbib Warning: Citation `astro-ph/0307350' on page 1 undefined on inpu
t line 186.


Package natbib Warning: Citation `Amendola:2003wa' on page 1 undefined on input
 line 186.


Package natbib Warning: Citation `Domenech:2021uyx' on page 1 undefined on inpu
t line 186.


Package natbib Warning: Citation `Savastano:2019zpr' on page 1 undefined on inp
ut line 188.


Underfull \hbox (badness 10000) in paragraph at lines 188--189

 []

[1{/usr/local/texlive/2022/texmf-var/fonts/map/pdftex/updmap/pdftex.map}]

Package natbib Warning: Citation `Das:2005yj' on page 2 undefined on input line
 191.


Package natbib Warning: Citation `Amendola:1999er' on page 2 undefined on input
 line 191.


Package natbib Warning: Citation `Vagnozzi:2021quy' on page 2 undefined on inpu
t line 191.


Package natbib Warning: Citation `Tsai:2021irw' on page 2 undefined on input li
ne 191.


Package natbib Warning: Citation `Savastano:2019zpr' on page 2 undefined on inp
ut line 191.


Package natbib Warning: Citation `Amendola:2017xhl' on page 2 undefined on inpu
t line 191.


Package natbib Warning: Citation `Damour:1990tw' on page 2 undefined on input l
ine 191.


Package natbib Warning: Citation `hep-th/9408025' on page 2 undefined on input 
line 191.


Package natbib Warning: Citation `Amendola:1999er' on page 2 undefined on input
 line 191.


Package natbib Warning: Citation `gr-qc/0108016' on page 2 undefined on input l
ine 191.


Package natbib Warning: Citation `astro-ph/0303145' on page 2 undefined on inpu
t line 191.


Package natbib Warning: Citation `astro-ph/0208032' on page 2 undefined on inpu
t line 191.


Package natbib Warning: Citation `astro-ph/0306343' on page 2 undefined on inpu
t line 191.


Package natbib Warning: Citation `astro-ph/0212518' on page 2 undefined on inpu
t line 191.


Package natbib Warning: Citation `astro-ph/0307350' on page 2 undefined on inpu
t line 191.


Package natbib Warning: Citation `Amendola:2003wa' on page 2 undefined on input
 line 191.


Package natbib Warning: Citation `Domenech:2021uyx' on page 2 undefined on inpu
t line 191.


Package natbib Warning: Citation `Gehrlein:2019iwl' on page 2 undefined on inpu
t line 191.


Package natbib Warning: Citation `Shelton:2010ta' on page 2 undefined on input 
line 191.


Package natbib Warning: Citation `Hinterbichler:2010es' on page 2 undefined on 
input line 191.


Underfull \hbox (badness 10000) in paragraph at lines 190--192

 []


Underfull \hbox (badness 10000) in paragraph at lines 193--195

 []


LaTeX Warning: Reference `background' on page 2 undefined on input line 196.


LaTeX Warning: Reference `sec:Perturbations' on page 2 undefined on input line 
197.


LaTeX Warning: Reference `pheno' on page 2 undefined on input line 198.


LaTeX Warning: Reference `conclude' on page 2 undefined on input line 198.


Package natbib Warning: Citation `Amendola:2003wa' on page 2 undefined on input
 line 205.


Package amsmath Warning: Foreign command \over;
(amsmath)                \frac or \genfrac should be used instead
(amsmath)                 on input line 214.


Package natbib Warning: Citation `Acharya:2018deu' on page 2 undefined on input
 line 226.

[2]

LaTeX Warning: Reference `eq:GeneralConservationBackground' on page 3 undefined
 on input line 242.


LaTeX Warning: Reference `eq:GeneralKGEquation' on page 3 undefined on input li
ne 242.


LaTeX Warning: Reference `fig:EoS' on page 3 undefined on input line 265.


LaTeX Warning: File `EquationOfState.pdf' not found on input line 268.


! Package pdftex.def Error: File `EquationOfState.pdf' not found: using draft s
etting.

See the pdftex.def package documentation for explanation.
Type  H <return>  for immediate help.
 ...                                              
                                                  
l.268 ...width=0.5\textwidth]{EquationOfState.pdf}
                                                  
Try typing  <return>  to proceed.
If that doesn't work, type  X <return>  to quit.


Overfull \hbox (9.0pt too wide) in paragraph at lines 268--269
 [][] 
 []


LaTeX Warning: Reference `eq:KGEquation' on page 3 undefined on input line 273.



LaTeX Warning: Reference `fig:ScalingRegime1' on page 3 undefined on input line
 280.


LaTeX Warning: Reference `fig:ScalingRegime2' on page 3 undefined on input line
 280.


LaTeX Warning: Reference `fig:FieldDynamics' on page 3 undefined on input line 
280.


LaTeX Warning: File `FractionalEnergyDensityEx1.pdf' not found on input line 28
3.


! Package pdftex.def Error: File `FractionalEnergyDensityEx1.pdf' not found: us
ing draft setting.

See the pdftex.def package documentation for explanation.
Type  H <return>  for immediate help.
 ...                                              
                                                  
l.283 ...extwidth]{FractionalEnergyDensityEx1.pdf}
                                                  
Try typing  <return>  to proceed.
If that doesn't work, type  X <return>  to quit.


Overfull \hbox (9.0pt too wide) in paragraph at lines 283--284
 [][] 
 []


LaTeX Warning: File `FractionalEnergyDensityEx2.pdf' not found on input line 28
8.


! Package pdftex.def Error: File `FractionalEnergyDensityEx2.pdf' not found: us
ing draft setting.

See the pdftex.def package documentation for explanation.
Type  H <return>  for immediate help.
 ...                                              
                                                  
l.288 ...extwidth]{FractionalEnergyDensityEx2.pdf}
                                                  
Try typing  <return>  to proceed.
If that doesn't work, type  X <return>  to quit.


Overfull \hbox (9.0pt too wide) in paragraph at lines 288--289
 [][] 
 []

[3]

LaTeX Warning: File `FieldDynamics.pdf' not found on input line 294.


! Package pdftex.def Error: File `FieldDynamics.pdf' not found: using draft set
ting.

See the pdftex.def package documentation for explanation.
Type  H <return>  for immediate help.
 ...                                              
                                                  
l.294 ...[width=0.45\textwidth]{FieldDynamics.pdf}
                                                  
Try typing  <return>  to proceed.
If that doesn't work, type  X <return>  to quit.


LaTeX Warning: `!h' float specifier changed to `!ht'.


Package natbib Warning: Citation `Amendola:2003wa' on page 4 undefined on input
 line 304.


Package natbib Warning: Citation `Amendola:2003wa' on page 4 undefined on input
 line 304.

[4]

LaTeX Warning: Reference `fig:PerturbationsEx1' on page 5 undefined on input li
ne 324.


LaTeX Warning: Reference `fig:PerturbationsEx2' on page 5 undefined on input li
ne 324.


LaTeX Warning: Reference `eq:PerturbationDeltaPsi' on page 5 undefined on input
 line 324.


LaTeX Warning: Reference `eq:PerturbationDeltaB' on page 5 undefined on input l
ine 324.


LaTeX Warning: Reference `fig:PerturbationsEx1' on page 5 undefined on input li
ne 324.


LaTeX Warning: Reference `fig:PerturbationsEx2' on page 5 undefined on input li
ne 324.


LaTeX Warning: Reference `eq:PerturbationDeltaPsi' on page 5 undefined on input
 line 324.


LaTeX Warning: Reference `eq:PerturbationDeltaB' on page 5 undefined on input l
ine 324.


LaTeX Warning: Reference `fig:PerturbationsEx1' on page 5 undefined on input li
ne 324.


LaTeX Warning: Reference `fig:PerturbationsEx2' on page 5 undefined on input li
ne 324.


LaTeX Warning: Reference `eq:PerturbationDeltaPsi' on page 5 undefined on input
 line 326.


LaTeX Warning: Reference `eq:PerturbationDeltaB' on page 5 undefined on input l
ine 326.


Underfull \hbox (badness 1067) in paragraph at lines 326--328
[]\OT1/cmr/m/n/10 The sys-tem of equa-tions has an ex-actly solv-able
 []


LaTeX Warning: Reference `fig:PerturbationsEx1' on page 5 undefined on input li
ne 342.


LaTeX Warning: Reference `fig:PerturbationsEx2' on page 5 undefined on input li
ne 342.


LaTeX Warning: Reference `fig:PerturbationsNorm' on page 5 undefined on input l
ine 342.


LaTeX Warning: Reference `eq:PerturbationDeltaPsi' on page 5 undefined on input
 line 342.


LaTeX Warning: Reference `eq:PerturbationDeltaB' on page 5 undefined on input l
ine 342.


LaTeX Warning: Reference `eq:EoS' on page 5 undefined on input line 342.


LaTeX Warning: Reference `eq:EqDeltaPsiSimplified' on page 5 undefined on input
 line 342.


LaTeX Warning: Reference `eq:EqDeltaPsiSimplified' on page 5 undefined on input
 line 342.


LaTeX Warning: Reference `eq:EqDeltaBSimplified' on page 5 undefined on input l
ine 342.


LaTeX Warning: Reference `eq:PerturbationDeltaPsi' on page 5 undefined on input
 line 344.


LaTeX Warning: Reference `eq:PerturbationDeltaB' on page 5 undefined on input l
ine 344.


LaTeX Warning: Reference `fig:PerturbationsEx1' on page 5 undefined on input li
ne 345.


LaTeX Warning: Reference `fig:PerturbationsEx2' on page 5 undefined on input li
ne 345.


LaTeX Warning: File `PerturbationsEx1.pdf' not found on input line 349.


! Package pdftex.def Error: File `PerturbationsEx1.pdf' not found: using draft 
setting.

See the pdftex.def package documentation for explanation.
Type  H <return>  for immediate help.
 ...                                              
                                                  
l.349 ...dth=0.45\textwidth]{PerturbationsEx1.pdf}
                                                  
Try typing  <return>  to proceed.
If that doesn't work, type  X <return>  to quit.


LaTeX Warning: Reference `eq:PerturbationDeltaPsi' on page 5 undefined on input
 line 350.


LaTeX Warning: Reference `eq:PerturbationDeltaB' on page 5 undefined on input l
ine 350.


LaTeX Warning: Reference `eq:PerturbationDeltaPsi' on page 5 undefined on input
 line 350.


LaTeX Warning: Reference `eq:PerturbationDeltaB' on page 5 undefined on input l
ine 350.


LaTeX Warning: File `PerturbationsEx2.pdf' not found on input line 355.


! Package pdftex.def Error: File `PerturbationsEx2.pdf' not found: using draft 
setting.

See the pdftex.def package documentation for explanation.
Type  H <return>  for immediate help.
 ...                                              
                                                  
l.355 ...dth=0.45\textwidth]{PerturbationsEx2.pdf}
                                                  
Try typing  <return>  to proceed.
If that doesn't work, type  X <return>  to quit.


LaTeX Warning: Reference `fig:PerturbationsEx1' on page 5 undefined on input li
ne 356.


LaTeX Warning: Reference `fig:PerturbationsEx1' on page 5 undefined on input li
ne 356.


LaTeX Warning: File `PerturbationsNorm.pdf' not found on input line 360.


! Package pdftex.def Error: File `PerturbationsNorm.pdf' not found: using draft
 setting.

See the pdftex.def package documentation for explanation.
Type  H <return>  for immediate help.
 ...                                              
                                                  
l.360 ...th=0.45\textwidth]{PerturbationsNorm.pdf}
                                                  
Try typing  <return>  to proceed.
If that doesn't work, type  X <return>  to quit.


LaTeX Warning: Reference `eq:Exponent' on page 5 undefined on input line 361.


LaTeX Warning: Reference `eq:Exponent' on page 5 undefined on input line 361.

[5]
Underfull \hbox (badness 10000) in paragraph at lines 380--383

 []


LaTeX Warning: Reference `d2' on page 6 undefined on input line 384.


LaTeX Warning: Reference `d1' on page 6 undefined on input line 390.


LaTeX Warning: Reference `d2' on page 6 undefined on input line 390.


LaTeX Warning: Reference `d2' on page 6 undefined on input line 401.


LaTeX Warning: Reference `sec:BackgroundDynamics' on page 6 undefined on input 
line 410.


LaTeX Warning: Reference `sec:Perturbations' on page 6 undefined on input line 
412.

[6]

Package natbib Warning: Citation `1966AZh' on page 7 undefined on input line 42
4.


Package natbib Warning: Citation `10.1093/mnras/152.1.75' on page 7 undefined o
n input line 424.


Package natbib Warning: Citation `Grindlay:1975eb' on page 7 undefined on input
 line 424.


Package natbib Warning: Citation `Chapline:1975ojl' on page 7 undefined on inpu
t line 424.


Package natbib Warning: Citation `Khlopov:1980mg' on page 7 undefined on input 
line 424.


Package natbib Warning: Citation `Polnarev:1985btg' on page 7 undefined on inpu
t line 424.


Package natbib Warning: Citation `Carr:2016drx' on page 7 undefined on input li
ne 424.


Package natbib Warning: Citation `Antusch:2017flz' on page 7 undefined on input
 line 424.


Package natbib Warning: Citation `Savastano:2019zpr' on page 7 undefined on inp
ut line 424.


Package natbib Warning: Citation `Hogan:1988mp' on page 7 undefined on input li
ne 424.


Package natbib Warning: Citation `Fairbairn:2017sil' on page 7 undefined on inp
ut line 424.


Package natbib Warning: Citation `Krippendorf:2018tei' on page 7 undefined on i
nput line 424.


Package natbib Warning: Citation `Visinelli:2021uve' on page 7 undefined on inp
ut line 424.


Package natbib Warning: Citation `Harada:2016mhb' on page 7 undefined on input 
line 424.


Package natbib Warning: Citation `Helfer:2016ljl' on page 7 undefined on input 
line 424.


Package natbib Warning: Citation `Widdicombe:2018oeo' on page 7 undefined on in
put line 424.


Package natbib Warning: Citation `Muia:2019coe' on page 7 undefined on input li
ne 424.


Package natbib Warning: Citation `Nazari:2020fmk' on page 7 undefined on input 
line 424.


Package natbib Warning: Citation `Eggemeier:2020zeg' on page 7 undefined on inp
ut line 424.


Package natbib Warning: Citation `Eggemeier:2021smj' on page 7 undefined on inp
ut line 424.


Underfull \hbox (badness 1946) in paragraph at lines 424--425
[]\OT1/cmr/m/n/10 Once the per-tur-ba-tions be-come non-linear, it is
 []


Underfull \hbox (badness 10000) in paragraph at lines 424--425

 []


Package natbib Warning: Citation `Amendola:2017xhl' on page 7 undefined on inpu
t line 426.


Package natbib Warning: Citation `Georg:2016yxa' on page 7 undefined on input l
ine 426.


Package natbib Warning: Citation `Georg:2017mqk' on page 7 undefined on input l
ine 426.


LaTeX Warning: Reference `eq:MPBH0' on page 7 undefined on input line 435.


LaTeX Warning: Reference `sec:Perturbations' on page 7 undefined on input line 
440.


Package natbib Warning: Citation `Planck:2018vyg' on page 7 undefined on input 
line 440.


LaTeX Warning: Reference `sec:Decay' on page 7 undefined on input line 440.


LaTeX Warning: Reference `eq:PBHMass' on page 7 undefined on input line 440.


Package natbib Warning: Citation `Carr:2021bzv' on page 7 undefined on input li
ne 440.


LaTeX Warning: Reference `fig:ParameterSpace' on page 7 undefined on input line
 440.


LaTeX Warning: Reference `eq:MPBH0' on page 7 undefined on input line 442.


LaTeX Warning: Reference `eq:PerturbationDeltaPsi' on page 7 undefined on input
 line 442.


LaTeX Warning: Reference `eq:PerturbationDeltaB' on page 7 undefined on input l
ine 442.


Package natbib Warning: Citation `Carr:2020gox' on page 7 undefined on input li
ne 442.


Package natbib Warning: Citation `Calza:2021czr' on page 7 undefined on input l
ine 442.


Package natbib Warning: Citation `Hooper:2020otu' on page 7 undefined on input 
line 442.


Package natbib Warning: Citation `Lennon:2017tqq' on page 7 undefined on input 
line 442.


Package natbib Warning: Citation `Baldes:2020nuv' on page 7 undefined on input 
line 442.


Package natbib Warning: Citation `Anantua:2008am' on page 7 undefined on input 
line 442.


Package natbib Warning: Citation `Dolgov:2011cq' on page 7 undefined on input l
ine 442.


Package natbib Warning: Citation `Zagorac:2019ekv' on page 7 undefined on input
 line 442.


LaTeX Warning: File `ParameterSpace.jpeg' not found on input line 447.


! Package pdftex.def Error: File `ParameterSpace.jpeg' not found: using draft s
etting.

See the pdftex.def package documentation for explanation.
Type  H <return>  for immediate help.
 ...                                              
                                                  
l.447 ...idth=0.45\textwidth]{ParameterSpace.jpeg}
                                                  
Try typing  <return>  to proceed.
If that doesn't work, type  X <return>  to quit.

[7]

Package natbib Warning: Citation `Blinov:2021axd' on page 8 undefined on input 
line 452.


Package natbib Warning: Citation `Barenboim:2021swl' on page 8 undefined on inp
ut line 452.


Package natbib Warning: Citation `Blanco:2019eij' on page 8 undefined on input 
line 452.


Package natbib Warning: Citation `Flores:2020drq' on page 8 undefined on input 
line 452.


Package natbib Warning: Citation `Blinov:2021axd' on page 8 undefined on input 
line 452.


Package natbib Warning: Citation `Baumann:2007zm' on page 8 undefined on input 
line 457.


Package natbib Warning: Citation `Assadullahi:2009nf' on page 8 undefined on in
put line 457.


Package natbib Warning: Citation `Espinosa:2018eve' on page 8 undefined on inpu
t line 457.


Package natbib Warning: Citation `Kohri:2018awv' on page 8 undefined on input l
ine 457.


Package natbib Warning: Citation `Inomata:2020yqv' on page 8 undefined on input
 line 457.


Package natbib Warning: Citation `Inomata:2020tkl' on page 8 undefined on input
 line 457.


Package natbib Warning: Citation `Domenech:2020ssp' on page 8 undefined on inpu
t line 457.


Package natbib Warning: Citation `Domenech:2021wkk' on page 8 undefined on inpu
t line 457.


Package natbib Warning: Citation `Domenech:2021ztg' on page 8 undefined on inpu
t line 457.


Package natbib Warning: Citation `Amendola:2003wa' on page 8 undefined on input
 line 457.


Package natbib Warning: Citation `Giblin:2014gra' on page 8 undefined on input 
line 462.


Package natbib Warning: Citation `Chatrchyan:2020pzh' on page 8 undefined on in
put line 462.


Underfull \hbox (badness 10000) in paragraph at lines 461--463

 []


LaTeX Warning: Reference `eq:ScalarFieldMode' on page 8 undefined on input line
 464.


Underfull \hbox (badness 10000) in paragraph at lines 464--465

 []


LaTeX Warning: Reference `eq:ScalarFieldMode' on page 8 undefined on input line
 466.


LaTeX Warning: Reference `eq:F0' on page 8 undefined on input line 477.


Package natbib Warning: Citation `amaroseoane2017laser' on page 8 undefined on 
input line 477.


Package natbib Warning: Citation `Barausse:2020rsu' on page 8 undefined on inpu
t line 477.


Package natbib Warning: Citation `Seto:2001qf' on page 8 undefined on input lin
e 477.


Package natbib Warning: Citation `Yagi:2011wg' on page 8 undefined on input lin
e 477.


Package natbib Warning: Citation `KAGRA:2021kbb' on page 8 undefined on input l
ine 477.


Package natbib Warning: Citation `Maggiore:2019uih' on page 8 undefined on inpu
t line 477.


Package natbib Warning: Citation `Evans:2021gyd' on page 8 undefined on input l
ine 477.


Package natbib Warning: Citation `Aggarwal:2020olq' on page 8 undefined on inpu
t line 477.


Underfull \hbox (badness 10000) in paragraph at lines 476--478

 []


Package natbib Warning: Citation `Chatrchyan:2020pzh' on page 8 undefined on in
put line 479.


Package natbib Warning: Citation `Chatrchyan:2020pzh' on page 8 undefined on in
put line 479.

[8]

LaTeX Warning: Reference `eq:OmegaGWk' on page 9 undefined on input line 492.


LaTeX Warning: Reference `eq:apa0' on page 9 undefined on input line 492.


Underfull \hbox (badness 10000) in paragraph at lines 496--498

 []


Package natbib Warning: Citation `Delos:2020mtj' on page 9 undefined on input l
ine 499.


Package natbib Warning: Citation `Delos:2019tsl' on page 9 undefined on input l
ine 499.


Package natbib Warning: Citation `Delos:2018ueo' on page 9 undefined on input l
ine 499.


Package natbib Warning: Citation `Thrane:2013oya' on page 9 undefined on input 
line 499.


Package natbib Warning: Citation `Mingarelli:2019mvk' on page 9 undefined on in
put line 499.


Underfull \hbox (badness 10000) in paragraph at lines 499--500

 []


Package natbib Warning: Citation `Anantua:2008am' on page 9 undefined on input 
line 503.


Package natbib Warning: Citation `Dolgov:2011cq' on page 9 undefined on input l
ine 503.


Package natbib Warning: Citation `Dolgov:2011cq' on page 9 undefined on input l
ine 503.


Package natbib Warning: Citation `Zagorac:2019ekv' on page 9 undefined on input
 line 504.


Package natbib Warning: Citation `Dolgov:2011cq' on page 9 undefined on input l
ine 504.


Package natbib Warning: Citation `Ejlli:2019bqj' on page 9 undefined on input l
ine 508.


Package natbib Warning: Citation `Bahre:2013ywa' on page 9 undefined on input l
ine 508.


Package natbib Warning: Citation `doi:10.1146/annurev-nucl-102014-022120' on pa
ge 9 undefined on input line 508.


LaTeX Warning: Reference `sec:Perturbations' on page 9 undefined on input line 
515.


LaTeX Warning: Reference `pheno' on page 9 undefined on input line 516.

[9]
No file main_2112.11486.bbl.

Package natbib Warning: There were undefined citations.

[10] (./main_2112.11486.aux)

LaTeX Warning: There were undefined references.


LaTeX Warning: Label(s) may have changed. Rerun to get cross-references right.


Package rerunfilecheck Warning: File `main_2112.11486.out' has changed.
(rerunfilecheck)                Rerun to get outlines right
(rerunfilecheck)                or use package `bookmark'.

Package rerunfilecheck Info: Checksums for `main_2112.11486.out':
(rerunfilecheck)             Before: <no file>
(rerunfilecheck)             After:  B9B2BDEA37598D67F04FBD7344D47BBC;1881.
 ) 
Here is how much of TeX's memory you used:
 24254 strings out of 478268
 444724 string characters out of 5846347
 741699 words of memory out of 5000000
 41961 multiletter control sequences out of 15000+600000
 478432 words of font info for 64 fonts, out of 8000000 for 9000
 1141 hyphenation exceptions out of 8191
 115i,14n,118p,1802b,421s stack positions out of 10000i,1000n,20000p,200000b,200000s
{/usr/local/texlive/2022/texmf-dist/fonts/enc/dvips/cm-super/cm-super-ts1.enc
}</usr/local/texlive/2022/texmf-dist/fonts/type1/public/amsfonts/cm/cmbx10.pfb>
</usr/local/texlive/2022/texmf-dist/fonts/type1/public/amsfonts/cm/cmbx12.pfb><
/usr/local/texlive/2022/texmf-dist/fonts/type1/public/amsfonts/cm/cmbx8.pfb></u
sr/local/texlive/2022/texmf-dist/fonts/type1/public/amsfonts/cm/cmbx9.pfb></usr
/local/texlive/2022/texmf-dist/fonts/type1/public/amsfonts/cm/cmex10.pfb></usr/
local/texlive/2022/texmf-dist/fonts/type1/public/amsfonts/cmextra/cmex9.pfb></u
sr/local/texlive/2022/texmf-dist/fonts/type1/public/amsfonts/cm/cmmi10.pfb></us
r/local/texlive/2022/texmf-dist/fonts/type1/public/amsfonts/cm/cmmi5.pfb></usr/
local/texlive/2022/texmf-dist/fonts/type1/public/amsfonts/cm/cmmi6.pfb></usr/lo
cal/texlive/2022/texmf-dist/fonts/type1/public/amsfonts/cm/cmmi7.pfb></usr/loca
l/texlive/2022/texmf-dist/fonts/type1/public/amsfonts/cm/cmmi8.pfb></usr/local/
texlive/2022/texmf-dist/fonts/type1/public/amsfonts/cm/cmmi9.pfb></usr/local/te
xlive/2022/texmf-dist/fonts/type1/public/amsfonts/cm/cmr10.pfb></usr/local/texl
ive/2022/texmf-dist/fonts/type1/public/amsfonts/cm/cmr5.pfb></usr/local/texlive
/2022/texmf-dist/fonts/type1/public/amsfonts/cm/cmr6.pfb></usr/local/texlive/20
22/texmf-dist/fonts/type1/public/amsfonts/cm/cmr7.pfb></usr/local/texlive/2022/
texmf-dist/fonts/type1/public/amsfonts/cm/cmr8.pfb></usr/local/texlive/2022/tex
mf-dist/fonts/type1/public/amsfonts/cm/cmr9.pfb></usr/local/texlive/2022/texmf-
dist/fonts/type1/public/amsfonts/cm/cmsy10.pfb></usr/local/texlive/2022/texmf-d
ist/fonts/type1/public/amsfonts/cm/cmsy5.pfb></usr/local/texlive/2022/texmf-dis
t/fonts/type1/public/amsfonts/cm/cmsy6.pfb></usr/local/texlive/2022/texmf-dist/
fonts/type1/public/amsfonts/cm/cmsy7.pfb></usr/local/texlive/2022/texmf-dist/fo
nts/type1/public/amsfonts/cm/cmsy8.pfb></usr/local/texlive/2022/texmf-dist/font
s/type1/public/amsfonts/cm/cmsy9.pfb></usr/local/texlive/2022/texmf-dist/fonts/
type1/public/amsfonts/cm/cmti10.pfb></usr/local/texlive/2022/texmf-dist/fonts/t
ype1/public/amsfonts/cm/cmti9.pfb></usr/local/texlive/2022/texmf-dist/fonts/typ
e1/public/amsfonts/cm/cmtt9.pfb></usr/local/texlive/2022/texmf-dist/fonts/type1
/public/amsfonts/symbols/msam10.pfb></usr/local/texlive/2022/texmf-dist/fonts/t
ype1/public/cm-super/sfrm1000.pfb>
Output written on main_2112.11486.pdf (10 pages, 408563 bytes).
PDF statistics:
 307 PDF objects out of 1000 (max. 8388607)
 234 compressed objects within 3 object streams
 79 named destinations out of 1000 (max. 500000)
 13 words of extra memory for PDF output out of 10000 (max. 10000000)

